# JRE version: Java(TM) SE Runtime Environment (8.0-b113) (build 1.8.0-ea-b113)
# Java VM: Java HotSpot(TM) 64-Bit Server VM (25.0-b55 mixed mode windows-amd64 compressed oops)
Heap:
 PSYoungGen      total 124928K, used 6688K [0x00000000dae80000, 0x00000000ea180000, 0x0000000100000000)
  eden space 112640K, 0% used [0x00000000dae80000,0x00000000dae80000,0x00000000e1c80000)
  from space 12288K, 54% used [0x00000000e1c80000,0x00000000e2308080,0x00000000e2880000)
  to   space 11776K, 0% used [0x00000000e9600000,0x00000000e9600000,0x00000000ea180000)
 ParOldGen       total 75776K, used 11317K [0x0000000090c00000, 0x0000000095600000, 0x00000000dae80000)
  object space 75776K, 14% used [0x0000000090c00000,0x000000009170d4c0,0x0000000095600000)
 Metaspace       used 20902K, capacity 21120K, committed 21248K, reserved 1067008K
  class space    used 2712K, capacity 2810K, committed 2816K, reserved 1048576K
GC Heap History (10 events):
Event: 2.015 GC heap after
Heap after GC invocations=3 (full 0):
 PSYoungGen      total 33792K, used 3968K [0x00000000dae80000, 0x00000000df080000, 0x0000000100000000)
  eden space 29184K, 0% used [0x00000000dae80000,0x00000000dae80000,0x00000000dcb00000)
  from space 4608K, 86% used [0x00000000dcb00000,0x00000000dcee0020,0x00000000dcf80000)
  to   space 4608K, 0% used [0x00000000dec00000,0x00000000dec00000,0x00000000df080000)
 ParOldGen       total 75776K, used 231K [0x0000000090c00000, 0x0000000095600000, 0x00000000dae80000)
  object space 75776K, 0% used [0x0000000090c00000,0x0000000090c39c70,0x0000000095600000)
 Metaspace       used 8440K, capacity 8520K, committed 8704K, reserved 1056768K
  class space    used 960K, capacity 982K, committed 1024K, reserved 1048576K
}
Event: 2.138 GC heap before
{Heap before GC invocations=4 (full 0):
 PSYoungGen      total 33792K, used 33152K [0x00000000dae80000, 0x00000000df080000, 0x0000000100000000)
  eden space 29184K, 100% used [0x00000000dae80000,0x00000000dcb00000,0x00000000dcb00000)
  from space 4608K, 86% used [0x00000000dcb00000,0x00000000dcee0020,0x00000000dcf80000)
  to   space 4608K, 0% used [0x00000000dec00000,0x00000000dec00000,0x00000000df080000)
 ParOldGen       total 75776K, used 231K [0x0000000090c00000, 0x0000000095600000, 0x00000000dae80000)
  object space 75776K, 0% used [0x0000000090c00000,0x0000000090c39c70,0x0000000095600000)
 Metaspace       used 8458K, capacity 8532K, committed 8704K, reserved 1056768K
  class space    used 961K, capacity 984K, committed 1024K, reserved 1048576K
Event: 2.151 GC heap after
Heap after GC invocations=4 (full 0):
 PSYoungGen      total 62976K, used 4576K [0x00000000dae80000, 0x00000000df080000, 0x0000000100000000)
  eden space 58368K, 0% used [0x00000000dae80000,0x00000000dae80000,0x00000000de780000)
  from space 4608K, 99% used [0x00000000dec00000,0x00000000df078020,0x00000000df080000)
  to   space 4608K, 0% used [0x00000000de780000,0x00000000de780000,0x00000000dec00000)
 ParOldGen       total 75776K, used 615K [0x0000000090c00000, 0x0000000095600000, 0x00000000dae80000)
  object space 75776K, 0% used [0x0000000090c00000,0x0000000090c99c70,0x0000000095600000)
 Metaspace       used 8458K, capacity 8532K, committed 8704K, reserved 1056768K
  class space    used 961K, capacity 984K, committed 1024K, reserved 1048576K
}
Event: 2.887 GC heap before
{Heap before GC invocations=5 (full 0):
 PSYoungGen      total 62976K, used 62944K [0x00000000dae80000, 0x00000000df080000, 0x0000000100000000)
  eden space 58368K, 100% used [0x00000000dae80000,0x00000000de780000,0x00000000de780000)
  from space 4608K, 99% used [0x00000000dec00000,0x00000000df078020,0x00000000df080000)
  to   space 4608K, 0% used [0x00000000de780000,0x00000000de780000,0x00000000dec00000)
 ParOldGen       total 75776K, used 615K [0x0000000090c00000, 0x0000000095600000, 0x00000000dae80000)
  object space 75776K, 0% used [0x0000000090c00000,0x0000000090c99c70,0x0000000095600000)
 Metaspace       used 11320K, capacity 11444K, committed 11648K, reserved 1058816K
  class space    used 1341K, capacity 1400K, committed 1408K, reserved 1048576K
Event: 2.905 GC heap after
Heap after GC invocations=5 (full 0):
 PSYoungGen      total 62976K, used 4576K [0x00000000dae80000, 0x00000000e3080000, 0x0000000100000000)
  eden space 58368K, 0% used [0x00000000dae80000,0x00000000dae80000,0x00000000de780000)
  from space 4608K, 99% used [0x00000000de780000,0x00000000debf8020,0x00000000dec00000)
  to   space 8192K, 0% used [0x00000000e2880000,0x00000000e2880000,0x00000000e3080000)
 ParOldGen       total 75776K, used 4138K [0x0000000090c00000, 0x0000000095600000, 0x00000000dae80000)
  object space 75776K, 5% used [0x0000000090c00000,0x000000009100a8e8,0x0000000095600000)
 Metaspace       used 11320K, capacity 11444K, committed 11648K, reserved 1058816K
  class space    used 1341K, capacity 1400K, committed 1408K, reserved 1048576K
}
Event: 8.262 GC heap before
{Heap before GC invocations=6 (full 0):
 PSYoungGen      total 62976K, used 62944K [0x00000000dae80000, 0x00000000e3080000, 0x0000000100000000)
  eden space 58368K, 100% used [0x00000000dae80000,0x00000000de780000,0x00000000de780000)
  from space 4608K, 99% used [0x00000000de780000,0x00000000debf8020,0x00000000dec00000)
  to   space 8192K, 0% used [0x00000000e2880000,0x00000000e2880000,0x00000000e3080000)
 ParOldGen       total 75776K, used 4138K [0x0000000090c00000, 0x0000000095600000, 0x00000000dae80000)
  object space 75776K, 5% used [0x0000000090c00000,0x000000009100a8e8,0x0000000095600000)
 Metaspace       used 20078K, capacity 20250K, committed 20480K, reserved 1067008K
  class space    used 2628K, capacity 2697K, committed 2816K, reserved 1048576K
Event: 8.294 GC heap after
Heap after GC invocations=6 (full 0):
 PSYoungGen      total 120832K, used 8160K [0x00000000dae80000, 0x00000000e3880000, 0x0000000100000000)
  eden space 112640K, 0% used [0x00000000dae80000,0x00000000dae80000,0x00000000e1c80000)
  from space 8192K, 99% used [0x00000000e2880000,0x00000000e3078080,0x00000000e3080000)
  to   space 12288K, 0% used [0x00000000e1c80000,0x00000000e1c80000,0x00000000e2880000)
 ParOldGen       total 75776K, used 9309K [0x0000000090c00000, 0x0000000095600000, 0x00000000dae80000)
  object space 75776K, 12% used [0x0000000090c00000,0x0000000091517470,0x0000000095600000)
 Metaspace       used 20078K, capacity 20250K, committed 20480K, reserved 1067008K
  class space    used 2628K, capacity 2697K, committed 2816K, reserved 1048576K
}
Event: 102.437 GC heap before
{Heap before GC invocations=7 (full 0):
 PSYoungGen      total 120832K, used 26724K [0x00000000dae80000, 0x00000000e3880000, 0x0000000100000000)
  eden space 112640K, 16% used [0x00000000dae80000,0x00000000dc0a1270,0x00000000e1c80000)
  from space 8192K, 99% used [0x00000000e2880000,0x00000000e3078080,0x00000000e3080000)
  to   space 12288K, 0% used [0x00000000e1c80000,0x00000000e1c80000,0x00000000e2880000)
 ParOldGen       total 75776K, used 9309K [0x0000000090c00000, 0x0000000095600000, 0x00000000dae80000)
  object space 75776K, 12% used [0x0000000090c00000,0x0000000091517470,0x0000000095600000)
 Metaspace       used 20902K, capacity 21120K, committed 21248K, reserved 1067008K
  class space    used 2712K, capacity 2810K, committed 2816K, reserved 1048576K
Event: 102.470 GC heap after
Heap after GC invocations=7 (full 0):
 PSYoungGen      total 124928K, used 6688K [0x00000000dae80000, 0x00000000ea180000, 0x0000000100000000)
  eden space 112640K, 0% used [0x00000000dae80000,0x00000000dae80000,0x00000000e1c80000)
  from space 12288K, 54% used [0x00000000e1c80000,0x00000000e2308080,0x00000000e2880000)
  to   space 11776K, 0% used [0x00000000e9600000,0x00000000e9600000,0x00000000ea180000)
 ParOldGen       total 75776K, used 11317K [0x0000000090c00000, 0x0000000095600000, 0x00000000dae80000)
  object space 75776K, 14% used [0x0000000090c00000,0x000000009170d4c0,0x0000000095600000)
 Metaspace       used 20902K, capacity 21120K, committed 21248K, reserved 1067008K
  class space    used 2712K, capacity 2810K, committed 2816K, reserved 1048576K
}
Event: 102.470 GC heap before
{Heap before GC invocations=8 (full 1):
 PSYoungGen      total 124928K, used 6688K [0x00000000dae80000, 0x00000000ea180000, 0x0000000100000000)
  eden space 112640K, 0% used [0x00000000dae80000,0x00000000dae80000,0x00000000e1c80000)
  from space 12288K, 54% used [0x00000000e1c80000,0x00000000e2308080,0x00000000e2880000)
  to   space 11776K, 0% used [0x00000000e9600000,0x00000000e9600000,0x00000000ea180000)
 ParOldGen       total 75776K, used 11317K [0x0000000090c00000, 0x0000000095600000, 0x00000000dae80000)
  object space 75776K, 14% used [0x0000000090c00000,0x000000009170d4c0,0x0000000095600000)
 Metaspace       used 20902K, capacity 21120K, committed 21248K, reserved 1067008K
  class space    used 2712K, capacity 2810K, committed 2816K, reserved 1048576K

