<?xml version="1.0" encoding="UTF-8"?>
<testng-results skipped="0" failed="1" ignored="30" total="31" passed="0">
  <reporter-output>
    <line>
      <![CDATA[<strong> <h3 style="color:DarkViolet"> TC_DB_01: Verify submit signed loan document with one signer/borrower.</h3> </strong>]]>
    </line>
    <line>
      <![CDATA[<br><strong>Step 1 Enter Username.</strong></br>]]>
    </line>
    <line>
      <![CDATA[</br>&nbsp;&nbsp;&nbsp;&nbsp;  -> Username entered: sy1-dev09-owner@e-signsolutions.com</br>]]>
    </line>
    <line>
      <![CDATA[<br><strong>Step 2 Enter Password.</strong></br>]]>
    </line>
    <line>
      <![CDATA[</br>&nbsp;&nbsp;&nbsp;&nbsp;  -> Password entered: N#abe7dd95b55c1d635349395d8d9244</br>]]>
    </line>
    <line>
      <![CDATA[<br><strong>Step 3 Click on Login button.</strong></br>]]>
    </line>
    <line>
      <![CDATA[<h3><b style='color:#1466B8'>&nbsp;&nbsp;&nbsp;Verify user has logged in successfuly.</h3></b>]]>
    </line>
    <line>
      <![CDATA[</br>&nbsp;&nbsp;&nbsp;&nbsp;Welcome DEV09 Account</br>]]>
    </line>
    <line>
      <![CDATA[<strong> <h3 style="color:DarkGreen">  &#10004; <i>  SUCCESSFUL </i></h3> </strong> ]]>
    </line>
    <line>
      <![CDATA[<br><strong>Step 4 Select workflow from dropdown.</strong></br>]]>
    </line>
    <line>
      <![CDATA[<br><strong>Step 5 Click on 'Create' Button.</strong></br>]]>
    </line>
    <line>
      <![CDATA[<br><strong>Step 6 Enter Borrower details to create package.</strong></br>]]>
    </line>
    <line>
      <![CDATA[</br>&nbsp;&nbsp;&nbsp;&nbsp;  -> Internl Reference: Reference_XMoBO</br>]]>
    </line>
    <line>
      <![CDATA[</br>&nbsp;&nbsp;&nbsp;&nbsp;  -> First Name: autoFnameSuonUtQdvw</br>]]>
    </line>
    <line>
      <![CDATA[</br>&nbsp;&nbsp;&nbsp;&nbsp;  -> Last Name: autoLnameUDuBUNsCzg</br>]]>
    </line>
    <line>
      <![CDATA[</br>&nbsp;&nbsp;&nbsp;&nbsp;  -> Email : auto_XsbfopyNpqpRxQtEbevr@mailinator.com</br>]]>
    </line>
    <line>
      <![CDATA[</br>&nbsp;&nbsp;&nbsp;&nbsp;  -> Mobile Number : +61444444444</br>]]>
    </line>
    <line>
      <![CDATA[<br><strong>Step 7 Choose any random WAFR Attachments.</strong></br>]]>
    </line>
    <line>
      <![CDATA[</br>&nbsp;&nbsp;&nbsp;&nbsp;  -> 5 Attachments going to be select.</br>]]>
    </line>
    <line>
      <![CDATA[</br>&nbsp;&nbsp;&nbsp;&nbsp;  -> Transfer of Land</br>]]>
    </line>
    <line>
      <![CDATA[</br>&nbsp;&nbsp;&nbsp;&nbsp;  -> Certificate of Insurance 1</br>]]>
    </line>
    <line>
      <![CDATA[</br>&nbsp;&nbsp;&nbsp;&nbsp;  -> Certificate of Insurance 3</br>]]>
    </line>
    <line>
      <![CDATA[</br>&nbsp;&nbsp;&nbsp;&nbsp;  -> DCC</br>]]>
    </line>
    <line>
      <![CDATA[</br>&nbsp;&nbsp;&nbsp;&nbsp;  -> Borrowers Letter of Authority</br>]]>
    </line>
    <line>
      <![CDATA[<br><strong>Step 8 Click on Create Button to Create Package.</strong></br>]]>
    </line>
    <line>
      <![CDATA[<br><strong>Step 9 Choose 'Cloude Services Agreement' checkbox to upload contract document.</strong></br>]]>
    </line>
    <line>
      <![CDATA[<br><strong>Step 10 Upload any agreenment file template</strong></br>]]>
    </line>
    <line>
      <![CDATA[<br><strong>Step 11 Click on 'Send Package' button.</strong></br>]]>
    </line>
    <line>
      <![CDATA[</br>&nbsp;&nbsp;&nbsp;&nbsp;Before Upload</br>]]>
    </line>
    <line>
      <![CDATA[</br>&nbsp;&nbsp;&nbsp;&nbsp;After Upload</br>]]>
    </line>
    <line>
      <![CDATA[<br> <b>Please look to the screenshot - </b>]]>
    </line>
  </reporter-output>
  <suite name="TestCleanUp" duration-ms="233886" started-at="2018-09-26T10:46:24Z" finished-at="2018-09-26T10:50:17Z">
    <groups>
    </groups>
    <test name="TC_DB_01: Verify submit signed loan document with one signer/borrower." duration-ms="233886" started-at="2018-09-26T10:46:24Z" finished-at="2018-09-26T10:50:17Z">
      <class name="com.automation.index.PackageIndex">
        <test-method status="PASS" signature="fetchSuiteConfiguration(org.testng.ITestContext)[pri:0, instance:com.automation.index.PackageIndex@a74868d]" name="fetchSuiteConfiguration" is-config="true" duration-ms="835" started-at="2018-09-26T10:46:24Z" finished-at="2018-09-26T10:46:24Z">
          <params>
            <param index="0">
              <value>
                <![CDATA[org.testng.TestRunner@6500ddef]]>
              </value>
            </param>
          </params>
          <reporter-output>
          </reporter-output>
        </test-method> <!-- fetchSuiteConfiguration -->
        <test-method status="PASS" signature="setUp(java.lang.reflect.Method, org.testng.ITestContext)[pri:0, instance:com.automation.index.PackageIndex@a74868d]" name="setUp" is-config="true" duration-ms="72684" started-at="2018-09-26T10:46:24Z" finished-at="2018-09-26T10:47:37Z">
          <params>
            <param index="0">
              <value>
                <![CDATA[public void com.automation.index.PackageIndex.TC_DB_01()]]>
              </value>
            </param>
            <param index="1">
              <value>
                <![CDATA[org.testng.TestRunner@6500ddef]]>
              </value>
            </param>
          </params>
          <reporter-output>
          </reporter-output>
        </test-method> <!-- setUp -->
        <test-method status="FAIL" signature="TC_DB_01()[pri:0, instance:com.automation.index.PackageIndex@a74868d]" name="TC_DB_01" duration-ms="159816" started-at="2018-09-26T10:47:37Z" finished-at="2018-09-26T10:50:17Z">
          <exception class="org.openqa.selenium.WebDriverException">
            <message>
              <![CDATA[unknown error: session deleted because of page crash
from tab crashed
  (Session info: chrome=68.0.3440.91)
  (Driver info: chromedriver=2.37.544315 (730aa6a5fdba159ac9f4c1e8cbc59bf1b5ce12b7),platform=Windows NT 10.0.10586 x86_64) (WARNING: The server did not provide any stacktrace information)
Command duration or timeout: 0 milliseconds
Build info: version: '3.13.0', revision: '2f0d292', time: '2018-06-25T15:24:21.231Z'
System info: host: 'DESKTOP-F17C8H7', ip: '192.168.1.165', os.name: 'Windows 8.1', os.arch: 'amd64', os.version: '6.3', java.version: '1.8.0-ea'
Driver info: org.openqa.selenium.remote.RemoteWebDriver
Capabilities {autoGrantPermissions: true, browserName: Chrome, databaseEnabled: false, desired: {autoGrantPermissions: true, browserName: Chrome, deviceName: TA09407DYT, newCommandTimeout: 600, noReset: false, platformName: Android, platformVersion: 6.0, resetKeyboard: true, unicodeKeyboard: true}, deviceManufacturer: motorola, deviceModel: XT1700, deviceName: HKE6GZ7D, deviceScreenSize: 720x1280, deviceUDID: HKE6GZ7D, javascriptEnabled: true, locationContextEnabled: false, networkConnectionEnabled: true, newCommandTimeout: 600, noReset: false, platform: LINUX, platformName: LINUX, platformVersion: 6.0, resetKeyboard: true, takesScreenshot: true, unicodeKeyboard: true, warnings: {}, webStorageEnabled: false}
Session ID: 53ab745c-e0e4-4cba-9263-8245161a7e5e
*** Element info: {Using=xpath, value=.//Button[@id='sendPackage']}]]>
            </message>
            <full-stacktrace>
              <![CDATA[org.openqa.selenium.WebDriverException: unknown error: session deleted because of page crash
from tab crashed
  (Session info: chrome=68.0.3440.91)
  (Driver info: chromedriver=2.37.544315 (730aa6a5fdba159ac9f4c1e8cbc59bf1b5ce12b7),platform=Windows NT 10.0.10586 x86_64) (WARNING: The server did not provide any stacktrace information)
Command duration or timeout: 0 milliseconds
Build info: version: '3.13.0', revision: '2f0d292', time: '2018-06-25T15:24:21.231Z'
System info: host: 'DESKTOP-F17C8H7', ip: '192.168.1.165', os.name: 'Windows 8.1', os.arch: 'amd64', os.version: '6.3', java.version: '1.8.0-ea'
Driver info: org.openqa.selenium.remote.RemoteWebDriver
Capabilities {autoGrantPermissions: true, browserName: Chrome, databaseEnabled: false, desired: {autoGrantPermissions: true, browserName: Chrome, deviceName: TA09407DYT, newCommandTimeout: 600, noReset: false, platformName: Android, platformVersion: 6.0, resetKeyboard: true, unicodeKeyboard: true}, deviceManufacturer: motorola, deviceModel: XT1700, deviceName: HKE6GZ7D, deviceScreenSize: 720x1280, deviceUDID: HKE6GZ7D, javascriptEnabled: true, locationContextEnabled: false, networkConnectionEnabled: true, newCommandTimeout: 600, noReset: false, platform: LINUX, platformName: LINUX, platformVersion: 6.0, resetKeyboard: true, takesScreenshot: true, unicodeKeyboard: true, warnings: {}, webStorageEnabled: false}
Session ID: 53ab745c-e0e4-4cba-9263-8245161a7e5e
*** Element info: {Using=xpath, value=.//Button[@id='sendPackage']}
at sun.reflect.NativeConstructorAccessorImpl.newInstance0(Native Method)
at sun.reflect.NativeConstructorAccessorImpl.newInstance(Unknown Source)
at sun.reflect.DelegatingConstructorAccessorImpl.newInstance(Unknown Source)
at java.lang.reflect.Constructor.newInstance(Unknown Source)
at org.openqa.selenium.remote.ErrorHandler.createThrowable(ErrorHandler.java:214)
at org.openqa.selenium.remote.ErrorHandler.throwIfResponseFailed(ErrorHandler.java:166)
at org.openqa.selenium.remote.http.JsonHttpResponseCodec.reconstructValue(JsonHttpResponseCodec.java:40)
at org.openqa.selenium.remote.http.AbstractHttpResponseCodec.decode(AbstractHttpResponseCodec.java:80)
at org.openqa.selenium.remote.http.AbstractHttpResponseCodec.decode(AbstractHttpResponseCodec.java:44)
at org.openqa.selenium.remote.HttpCommandExecutor.execute(HttpCommandExecutor.java:158)
at org.openqa.selenium.remote.RemoteWebDriver.execute(RemoteWebDriver.java:548)
at org.openqa.selenium.remote.RemoteWebDriver.findElement(RemoteWebDriver.java:322)
at org.openqa.selenium.remote.RemoteWebDriver.findElementByXPath(RemoteWebDriver.java:424)
at org.openqa.selenium.By$ByXPath.findElement(By.java:353)
at org.openqa.selenium.remote.RemoteWebDriver.findElement(RemoteWebDriver.java:314)
at org.openqa.selenium.support.pagefactory.DefaultElementLocator.findElement(DefaultElementLocator.java:69)
at org.openqa.selenium.support.pagefactory.AjaxElementLocator.access$001(AjaxElementLocator.java:40)
at org.openqa.selenium.support.pagefactory.AjaxElementLocator$SlowLoadingElement.isLoaded(AjaxElementLocator.java:156)
at org.openqa.selenium.support.ui.SlowLoadableComponent.get(SlowLoadableComponent.java:48)
at org.openqa.selenium.support.pagefactory.AjaxElementLocator.findElement(AjaxElementLocator.java:86)
at org.openqa.selenium.support.pagefactory.internal.LocatingElementHandler.invoke(LocatingElementHandler.java:38)
at com.sun.proxy.$Proxy10.getCoordinates(Unknown Source)
at org.openqa.selenium.interactions.internal.MouseAction.getActionLocation(MouseAction.java:65)
at org.openqa.selenium.interactions.MoveMouseAction.perform(MoveMouseAction.java:43)
at org.openqa.selenium.interactions.CompositeAction.perform(CompositeAction.java:36)
at org.openqa.selenium.interactions.Actions$BuiltAction.perform(Actions.java:641)
at com.automation.utility.Common.highlightElement(Common.java:1052)
at com.automation.utility.Common.jsClick(Common.java:597)
at com.automation.indexpage.PackageIndexpage.clickSendPkg(PackageIndexpage.java:202)
at com.automation.index.PackageIndex.TC_DB_01(PackageIndex.java:150)
at sun.reflect.NativeMethodAccessorImpl.invoke0(Native Method)
at sun.reflect.NativeMethodAccessorImpl.invoke(Unknown Source)
at sun.reflect.DelegatingMethodAccessorImpl.invoke(Unknown Source)
at java.lang.reflect.Method.invoke(Unknown Source)
at org.testng.internal.MethodInvocationHelper.invokeMethod(MethodInvocationHelper.java:124)
at org.testng.internal.Invoker.invokeMethod(Invoker.java:580)
at org.testng.internal.Invoker.invokeTestMethod(Invoker.java:716)
at org.testng.internal.Invoker.invokeTestMethods(Invoker.java:988)
at org.testng.internal.TestMethodWorker.invokeTestMethods(TestMethodWorker.java:125)
at org.testng.internal.TestMethodWorker.run(TestMethodWorker.java:109)
at org.testng.TestRunner.privateRun(TestRunner.java:648)
at org.testng.TestRunner.run(TestRunner.java:505)
at org.testng.SuiteRunner.runTest(SuiteRunner.java:455)
at org.testng.SuiteRunner.access$000(SuiteRunner.java:40)
at org.testng.SuiteRunner$SuiteWorker.run(SuiteRunner.java:489)
at org.testng.internal.thread.ThreadUtil$1.call(ThreadUtil.java:52)
at java.util.concurrent.FutureTask.run(Unknown Source)
at java.util.concurrent.ThreadPoolExecutor.runWorker(Unknown Source)
at java.util.concurrent.ThreadPoolExecutor$Worker.run(Unknown Source)
at java.lang.Thread.run(Unknown Source)
]]>
            </full-stacktrace>
          </exception> <!-- org.openqa.selenium.WebDriverException -->
          <reporter-output>
            <line>
              <![CDATA[<strong> <h3 style="color:DarkViolet"> TC_DB_01: Verify submit signed loan document with one signer/borrower.</h3> </strong>]]>
            </line>
            <line>
              <![CDATA[<br><strong>Step 1 Enter Username.</strong></br>]]>
            </line>
            <line>
              <![CDATA[</br>&nbsp;&nbsp;&nbsp;&nbsp;  -> Username entered: sy1-dev09-owner@e-signsolutions.com</br>]]>
            </line>
            <line>
              <![CDATA[<br><strong>Step 2 Enter Password.</strong></br>]]>
            </line>
            <line>
              <![CDATA[</br>&nbsp;&nbsp;&nbsp;&nbsp;  -> Password entered: N#abe7dd95b55c1d635349395d8d9244</br>]]>
            </line>
            <line>
              <![CDATA[<br><strong>Step 3 Click on Login button.</strong></br>]]>
            </line>
            <line>
              <![CDATA[<h3><b style='color:#1466B8'>&nbsp;&nbsp;&nbsp;Verify user has logged in successfuly.</h3></b>]]>
            </line>
            <line>
              <![CDATA[</br>&nbsp;&nbsp;&nbsp;&nbsp;Welcome DEV09 Account</br>]]>
            </line>
            <line>
              <![CDATA[<strong> <h3 style="color:DarkGreen">  &#10004; <i>  SUCCESSFUL </i></h3> </strong> ]]>
            </line>
            <line>
              <![CDATA[<br><strong>Step 4 Select workflow from dropdown.</strong></br>]]>
            </line>
            <line>
              <![CDATA[<br><strong>Step 5 Click on 'Create' Button.</strong></br>]]>
            </line>
            <line>
              <![CDATA[<br><strong>Step 6 Enter Borrower details to create package.</strong></br>]]>
            </line>
            <line>
              <![CDATA[</br>&nbsp;&nbsp;&nbsp;&nbsp;  -> Internl Reference: Reference_XMoBO</br>]]>
            </line>
            <line>
              <![CDATA[</br>&nbsp;&nbsp;&nbsp;&nbsp;  -> First Name: autoFnameSuonUtQdvw</br>]]>
            </line>
            <line>
              <![CDATA[</br>&nbsp;&nbsp;&nbsp;&nbsp;  -> Last Name: autoLnameUDuBUNsCzg</br>]]>
            </line>
            <line>
              <![CDATA[</br>&nbsp;&nbsp;&nbsp;&nbsp;  -> Email : auto_XsbfopyNpqpRxQtEbevr@mailinator.com</br>]]>
            </line>
            <line>
              <![CDATA[</br>&nbsp;&nbsp;&nbsp;&nbsp;  -> Mobile Number : +61444444444</br>]]>
            </line>
            <line>
              <![CDATA[<br><strong>Step 7 Choose any random WAFR Attachments.</strong></br>]]>
            </line>
            <line>
              <![CDATA[</br>&nbsp;&nbsp;&nbsp;&nbsp;  -> 5 Attachments going to be select.</br>]]>
            </line>
            <line>
              <![CDATA[</br>&nbsp;&nbsp;&nbsp;&nbsp;  -> Transfer of Land</br>]]>
            </line>
            <line>
              <![CDATA[</br>&nbsp;&nbsp;&nbsp;&nbsp;  -> Certificate of Insurance 1</br>]]>
            </line>
            <line>
              <![CDATA[</br>&nbsp;&nbsp;&nbsp;&nbsp;  -> Certificate of Insurance 3</br>]]>
            </line>
            <line>
              <![CDATA[</br>&nbsp;&nbsp;&nbsp;&nbsp;  -> DCC</br>]]>
            </line>
            <line>
              <![CDATA[</br>&nbsp;&nbsp;&nbsp;&nbsp;  -> Borrowers Letter of Authority</br>]]>
            </line>
            <line>
              <![CDATA[<br><strong>Step 8 Click on Create Button to Create Package.</strong></br>]]>
            </line>
            <line>
              <![CDATA[<br><strong>Step 9 Choose 'Cloude Services Agreement' checkbox to upload contract document.</strong></br>]]>
            </line>
            <line>
              <![CDATA[<br><strong>Step 10 Upload any agreenment file template</strong></br>]]>
            </line>
            <line>
              <![CDATA[<br><strong>Step 11 Click on 'Send Package' button.</strong></br>]]>
            </line>
            <line>
              <![CDATA[</br>&nbsp;&nbsp;&nbsp;&nbsp;Before Upload</br>]]>
            </line>
            <line>
              <![CDATA[</br>&nbsp;&nbsp;&nbsp;&nbsp;After Upload</br>]]>
            </line>
            <line>
              <![CDATA[<br> <b>Please look to the screenshot - </b>]]>
            </line>
          </reporter-output>
        </test-method> <!-- TC_DB_01 -->
        <test-method status="PASS" signature="tearDown(org.testng.ITestResult)[pri:0, instance:com.automation.index.PackageIndex@a74868d]" name="tearDown" is-config="true" duration-ms="518" started-at="2018-09-26T10:50:17Z" finished-at="2018-09-26T10:50:17Z">
          <params>
            <param index="0">
              <value>
                <![CDATA[[TestResult name=TC_DB_01 status=FAILURE method=PackageIndex.TC_DB_01()[pri:0, instance:com.automation.index.PackageIndex@a74868d] output=<strong> <h3 style="color:DarkViolet"> TC_DB_01: Verify submit signed loan document with one signer/borrower.</h3> </strong>]]]>
              </value>
            </param>
          </params>
          <reporter-output>
          </reporter-output>
        </test-method> <!-- tearDown -->
      </class> <!-- com.automation.index.PackageIndex -->
    </test> <!-- TC_DB_01: Verify submit signed loan document with one signer/borrower. -->
  </suite> <!-- TestCleanUp -->
</testng-results>
