<?xml version="1.0" encoding="UTF-8"?>
<testsuite name="TestSuite" time="71.532" tests="1" errors="0" skipped="0" failures="1">
  <properties>
[...]
</properties>
  <testcase name="TC_DB_01" classname="com.automation.index.PackageIndex" time="71.532">
    <failure message="Cannot locate element with text: IBM Digital Contracts Demo v. 1&#10;For documentation on this error, please visit: http://seleniumhq.org/exceptions/no_such_element.html&#10;Build info: version: &apos;3.13.0&apos;, revision: &apos;2f0d292&apos;, time: &apos;2018-06-25T15:24:21.231Z&apos;&#10;System info: host: &apos;DESKTOP-F17C8H7&apos;, ip: &apos;192.168.1.165&apos;, os.name: &apos;Windows 8.1&apos;, os.arch: &apos;amd64&apos;, os.version: &apos;6.3&apos;, java.version: &apos;1.8.0-ea&apos;&#10;Driver info: driver.version: unknown" type="org.openqa.selenium.NoSuchElementException">org.openqa.selenium.NoSuchElementException: Cannot locate element with text: IBM Digital Contracts Demo v. 1
For documentation on this error, please visit: http://seleniumhq.org/exceptions/no_such_element.html
Build info: version: '3.13.0', revision: '2f0d292', time: '2018-06-25T15:24:21.231Z'
System info: host: 'DESKTOP-F17C8H7', ip: '192.168.1.165', os.name: 'Windows 8.1', os.arch: 'amd64', os.version: '6.3', java.version: '1.8.0-ea'
Driver info: driver.version: unknown
	at org.openqa.selenium.support.ui.Select.selectByVisibleText(Select.java:151)
	at com.automation.indexpage.PackageIndexpage.selectWorkflow(PackageIndexpage.java:66)
	at com.automation.index.PackageIndex.TC_DB_01(PackageIndex.java:125)
</failure>
    <system-out><![CDATA[[TestNGContentHandler] [WARN] It is strongly recommended to add "<!DOCTYPE suite SYSTEM "http://testng.org/testng-1.0.dtd" >" at the top of your file, otherwise TestNG may fail or not work as expected.
...
... TestNG 6.14.2 by Cédric Beust (cedric@beust.com)
...

Call getURL.......
full path E:\Project\eSign\Resources\Credential.xlsx con E:\Project\eSign\Resources\Credential.xlsx
 Before Test 
Set up Start =====
creating directory: 
DIR created
full path E:\Project\eSign\Resources\Credential.xlsx con E:\Project\eSign\Resources\Credential.xlsx
=========Chorme Driver ==========
Call getURL.......
full path E:\Project\eSign\Resources\Credential.xlsx con E:\Project\eSign\Resources\Credential.xlsx
======Abstract Page======
======Abstract Page======
TC_DB_01: Verify submit signed loan document with one signer/borrower.
Step 1 Enter Username.
full path E:\Project\eSign\Resources\Credential.xlsx con E:\Project\eSign\Resources\Credential.xlsx
  -> Username entered: sy1-dev09-owner@e-signsolutions.com
Step 2 Click on Login button.
Waiting for the element to be clickable.
======Abstract Page======
Verify user has logged in successfuly.

full path E:\Project\eSign\Resources\Credential.xlsx con E:\Project\eSign\Resources\Credential.xlsx

Failed to capture screenshot: Destination 'D:\Project\eSign\Screenshot\screenshots' directory cannot be created
<br><Strong><font color=#FF0000>--Failed</font></strong>
<a href='screenshots/LoginFailed.png' target='_new'>LoginFailed.png</a>
Step 3 Select workflow from dropdown.
]]></system-out>
    <system-err><![CDATA[File Path ==================E:\Project\eSign\Resources\chromedriver_2_41.exe
Sep 11, 2018 5:39:25 PM org.openqa.selenium.remote.DesiredCapabilities chrome
INFO: Using `new ChromeOptions()` is preferred to `DesiredCapabilities.chrome()`
Starting ChromeDriver 2.41.578737 (49da6702b16031c40d63e5618de03a32ff6c197e) on port 12140
Only local connections are allowed.
Sep 11, 2018 5:39:29 PM org.openqa.selenium.remote.ProtocolHandshake createSession
INFO: Detected dialect: OSS
Sep 11, 2018 5:39:57 PM org.openqa.selenium.remote.Augmenter extractRemoteWebDriver
WARNING: Augmenter should be applied to the instances of @Augmentable classes or previously augmented instances only (instance class was: class org.openqa.selenium.chrome.ChromeDriver)
]]></system-err>
  </testcase>
</testsuite>