<?xml version="1.0" encoding="UTF-8"?>
<!-- Generated by org.testng.reporters.JUnitXMLReporter -->
<testsuite hostname="DESKTOP-F17C8H7" ignored="30" name="TC_DB_11: Verify E2E sign workflow for resent package for three signer." tests="1" failures="0" timestamp="25 Sep 2018 12:46:50 GMT" time="1.514" errors="0">
  <testcase name="@BeforeMethod setUp" time="1.444" classname="com.automation.init.SeleniumInit">
    <failure type="java.lang.NullPointerException">
      <![CDATA[java.lang.NullPointerException
at com.automation.init.SeleniumInit.setUp(SeleniumInit.java:342)
at sun.reflect.NativeMethodAccessorImpl.invoke0(Native Method)
at sun.reflect.NativeMethodAccessorImpl.invoke(Unknown Source)
at sun.reflect.DelegatingMethodAccessorImpl.invoke(Unknown Source)
at java.lang.reflect.Method.invoke(Unknown Source)
at org.testng.internal.MethodInvocationHelper.invokeMethod(MethodInvocationHelper.java:124)
at org.testng.internal.MethodInvocationHelper.invokeMethodConsideringTimeout(MethodInvocationHelper.java:59)
at org.testng.internal.Invoker.invokeConfigurationMethod(Invoker.java:455)
at org.testng.internal.Invoker.invokeConfigurations(Invoker.java:222)
at org.testng.internal.Invoker.invokeMethod(Invoker.java:520)
at org.testng.internal.Invoker.invokeTestMethod(Invoker.java:716)
at org.testng.internal.Invoker.invokeTestMethods(Invoker.java:988)
at org.testng.internal.TestMethodWorker.invokeTestMethods(TestMethodWorker.java:125)
at org.testng.internal.TestMethodWorker.run(TestMethodWorker.java:109)
at org.testng.TestRunner.privateRun(TestRunner.java:648)
at org.testng.TestRunner.run(TestRunner.java:505)
at org.testng.SuiteRunner.runTest(SuiteRunner.java:455)
at org.testng.SuiteRunner.access$000(SuiteRunner.java:40)
at org.testng.SuiteRunner$SuiteWorker.run(SuiteRunner.java:489)
at org.testng.internal.thread.ThreadUtil$1.call(ThreadUtil.java:52)
at java.util.concurrent.FutureTask.run(Unknown Source)
at java.util.concurrent.ThreadPoolExecutor.runWorker(Unknown Source)
at java.util.concurrent.ThreadPoolExecutor$Worker.run(Unknown Source)
at java.lang.Thread.run(Unknown Source)
]]>
    </failure>
  </testcase> <!-- @BeforeMethod setUp -->
  <testcase name="TC_DB_11" time="0.0" classname="com.automation.index.PackageIndex">
    <skipped/>
  </testcase> <!-- TC_DB_11 -->
  <testcase name="TC_DB_31" time="0.0" classname="com.automation.index.PackageIndex">
    <ignored/>
  </testcase> <!-- TC_DB_31 -->
  <testcase name="TC_DB_30" time="0.0" classname="com.automation.index.PackageIndex">
    <ignored/>
  </testcase> <!-- TC_DB_30 -->
  <testcase name="TC_DB_14" time="0.0" classname="com.automation.index.PackageIndex">
    <ignored/>
  </testcase> <!-- TC_DB_14 -->
  <testcase name="TC_DB_36" time="0.0" classname="com.automation.index.PackageIndex">
    <ignored/>
  </testcase> <!-- TC_DB_36 -->
  <testcase name="TC_DB_33" time="0.0" classname="com.automation.index.PackageIndex">
    <ignored/>
  </testcase> <!-- TC_DB_33 -->
  <testcase name="TC_DB_10" time="0.0" classname="com.automation.index.PackageIndex">
    <ignored/>
  </testcase> <!-- TC_DB_10 -->
  <testcase name="TC_DB_32" time="0.0" classname="com.automation.index.PackageIndex">
    <ignored/>
  </testcase> <!-- TC_DB_32 -->
  <testcase name="TC_DB_13" time="0.0" classname="com.automation.index.PackageIndex">
    <ignored/>
  </testcase> <!-- TC_DB_13 -->
  <testcase name="TC_DB_35" time="0.0" classname="com.automation.index.PackageIndex">
    <ignored/>
  </testcase> <!-- TC_DB_35 -->
  <testcase name="TC_DB_12" time="0.0" classname="com.automation.index.PackageIndex">
    <ignored/>
  </testcase> <!-- TC_DB_12 -->
  <testcase name="TC_DB_34" time="0.0" classname="com.automation.index.PackageIndex">
    <ignored/>
  </testcase> <!-- TC_DB_34 -->
  <testcase name="TC_DB_15" time="0.0" classname="com.automation.index.PackageIndex">
    <ignored/>
  </testcase> <!-- TC_DB_15 -->
  <testcase name="TC_DB_03" time="0.0" classname="com.automation.index.PackageIndex">
    <ignored/>
  </testcase> <!-- TC_DB_03 -->
  <testcase name="TC_DB_25" time="0.0" classname="com.automation.index.PackageIndex">
    <ignored/>
  </testcase> <!-- TC_DB_25 -->
  <testcase name="TC_DB_06" time="0.0" classname="com.automation.index.PackageIndex">
    <ignored/>
  </testcase> <!-- TC_DB_06 -->
  <testcase name="TC_DB_28" time="0.0" classname="com.automation.index.PackageIndex">
    <ignored/>
  </testcase> <!-- TC_DB_28 -->
  <testcase name="TC_DB_05" time="0.0" classname="com.automation.index.PackageIndex">
    <ignored/>
  </testcase> <!-- TC_DB_05 -->
  <testcase name="TC_DB_27" time="0.0" classname="com.automation.index.PackageIndex">
    <ignored/>
  </testcase> <!-- TC_DB_27 -->
  <testcase name="TC_DB_22" time="0.0" classname="com.automation.index.PackageIndex">
    <ignored/>
  </testcase> <!-- TC_DB_22 -->
  <testcase name="TC_DB_24" time="0.0" classname="com.automation.index.PackageIndex">
    <ignored/>
  </testcase> <!-- TC_DB_24 -->
  <testcase name="demo" time="0.0" classname="com.automation.index.PackageIndex">
    <ignored/>
  </testcase> <!-- demo -->
  <testcase name="TC_DB_02" time="0.0" classname="com.automation.index.PackageIndex">
    <ignored/>
  </testcase> <!-- TC_DB_02 -->
  <testcase name="TC_DB_23" time="0.0" classname="com.automation.index.PackageIndex">
    <ignored/>
  </testcase> <!-- TC_DB_23 -->
  <testcase name="TC_DB_01" time="0.0" classname="com.automation.index.PackageIndex">
    <ignored/>
  </testcase> <!-- TC_DB_01 -->
  <testcase name="TC_DB_08" time="0.0" classname="com.automation.index.PackageIndex">
    <ignored/>
  </testcase> <!-- TC_DB_08 -->
  <testcase name="TC_DB_07" time="0.0" classname="com.automation.index.PackageIndex">
    <ignored/>
  </testcase> <!-- TC_DB_07 -->
  <testcase name="TC_DB_29" time="0.0" classname="com.automation.index.PackageIndex">
    <ignored/>
  </testcase> <!-- TC_DB_29 -->
  <testcase name="TC_DB_09" time="0.0" classname="com.automation.index.PackageIndex">
    <ignored/>
  </testcase> <!-- TC_DB_09 -->
  <testcase name="TC_DB_04" time="0.0" classname="com.automation.index.PackageIndex">
    <ignored/>
  </testcase> <!-- TC_DB_04 -->
  <testcase name="TC_DB_26" time="0.0" classname="com.automation.index.PackageIndex">
    <ignored/>
  </testcase> <!-- TC_DB_26 -->
</testsuite> <!-- TC_DB_11: Verify E2E sign workflow for resent package for three signer. -->
