<?xml version="1.0" encoding="UTF-8"?>
<!-- Generated by org.testng.reporters.JUnitXMLReporter -->
<testsuite hostname="iball-PC" ignored="14" name="TC_DB_15: Verify the DRAFT status for create and send package without signing document for three signer." tests="1" failures="0" timestamp="27 Aug 2018 05:42:17 GMT" time="211.251" errors="0">
  <testcase name="TC_DB_15" time="179.751" classname="com.automation.index.PackageIndex"/>
  <testcase name="TC_DB_03" time="0.0" classname="com.automation.index.PackageIndex">
    <ignored/>
  </testcase> <!-- TC_DB_03 -->
  <testcase name="TC_DB_06" time="0.0" classname="com.automation.index.PackageIndex">
    <ignored/>
  </testcase> <!-- TC_DB_06 -->
  <testcase name="TC_DB_05" time="0.0" classname="com.automation.index.PackageIndex">
    <ignored/>
  </testcase> <!-- TC_DB_05 -->
  <testcase name="TC_DB_11" time="0.0" classname="com.automation.index.PackageIndex">
    <ignored/>
  </testcase> <!-- TC_DB_11 -->
  <testcase name="TC_DB_10" time="0.0" classname="com.automation.index.PackageIndex">
    <ignored/>
  </testcase> <!-- TC_DB_10 -->
  <testcase name="TC_DB_13" time="0.0" classname="com.automation.index.PackageIndex">
    <ignored/>
  </testcase> <!-- TC_DB_13 -->
  <testcase name="demo" time="0.0" classname="com.automation.index.PackageIndex">
    <ignored/>
  </testcase> <!-- demo -->
  <testcase name="TC_DB_02" time="0.0" classname="com.automation.index.PackageIndex">
    <ignored/>
  </testcase> <!-- TC_DB_02 -->
  <testcase name="TC_DB_12" time="0.0" classname="com.automation.index.PackageIndex">
    <ignored/>
  </testcase> <!-- TC_DB_12 -->
  <testcase name="TC_DB_01" time="0.0" classname="com.automation.index.PackageIndex">
    <ignored/>
  </testcase> <!-- TC_DB_01 -->
  <testcase name="TC_DB_08" time="0.0" classname="com.automation.index.PackageIndex">
    <ignored/>
  </testcase> <!-- TC_DB_08 -->
  <testcase name="TC_DB_07" time="0.0" classname="com.automation.index.PackageIndex">
    <ignored/>
  </testcase> <!-- TC_DB_07 -->
  <testcase name="TC_DB_09" time="0.0" classname="com.automation.index.PackageIndex">
    <ignored/>
  </testcase> <!-- TC_DB_09 -->
  <testcase name="TC_DB_04" time="0.0" classname="com.automation.index.PackageIndex">
    <ignored/>
  </testcase> <!-- TC_DB_04 -->
</testsuite> <!-- TC_DB_15: Verify the DRAFT status for create and send package without signing document for three signer. -->
