<?xml version="1.0" encoding="UTF-8"?>
<!-- Generated by org.testng.reporters.JUnitXMLReporter -->
<testsuite hostname="CC" ignored="2" name="Test: Verify E2E workflow for package creation and upload signed document for two signer." tests="1" failures="0" timestamp="15 Aug 2018 09:10:00 GMT" time="898.898" errors="0">
  <testcase name="twoSigner" time="869.767" classname="com.automation.index.PackageIndex"/>
  <testcase name="threeSigner" time="0.0" classname="com.automation.index.PackageIndex">
    <ignored/>
  </testcase> <!-- threeSigner -->
  <testcase name="oneSigner" time="0.0" classname="com.automation.index.PackageIndex">
    <ignored/>
  </testcase> <!-- oneSigner -->
</testsuite> <!-- Test: Verify E2E workflow for package creation and upload signed document for two signer. -->
