<?xml version="1.0" encoding="UTF-8"?>
<!-- Generated by org.testng.reporters.JUnitXMLReporter -->
<testsuite hostname="CC" ignored="4" name="Test: Verify E2E workflow for package creation and upload signed document for one signer." tests="1" failures="0" timestamp="16 Aug 2018 11:47:11 GMT" time="542.525" errors="0">
  <testcase name="TC_DB_01" time="510.372" classname="com.automation.index.PackageIndex"/>
  <testcase name="TC_DB_03" time="0.0" classname="com.automation.index.PackageIndex">
    <ignored/>
  </testcase> <!-- TC_DB_03 -->
  <testcase name="TC_DB_05" time="0.0" classname="com.automation.index.PackageIndex">
    <ignored/>
  </testcase> <!-- TC_DB_05 -->
  <testcase name="TC_DB_02" time="0.0" classname="com.automation.index.PackageIndex">
    <ignored/>
  </testcase> <!-- TC_DB_02 -->
  <testcase name="TC_DB_04" time="0.0" classname="com.automation.index.PackageIndex">
    <ignored/>
  </testcase> <!-- TC_DB_04 -->
</testsuite> <!-- Test: Verify E2E workflow for package creation and upload signed document for one signer. -->
